<?xml version="1.0" encoding="UTF-8"?>
<testng-results ignored="0" total="2" passed="2" failed="0" skipped="0">
  <reporter-output>
  </reporter-output>
  <suite started-at="2026-02-21T18:20:02 IST" name="Default suite" finished-at="2026-02-21T18:20:26 IST" duration-ms="24363">
    <groups>
    </groups>
    <test started-at="2026-02-21T18:20:02 IST" name="Default test" finished-at="2026-02-21T18:20:26 IST" duration-ms="24363">
      <class name="tests.LoginTest">
        <test-method is-config="true" signature="setupReport()[pri:0, instance:tests.LoginTest@7331196b]" started-at="2026-02-21T18:20:01 IST" name="setupReport" finished-at="2026-02-21T18:20:02 IST" duration-ms="150" status="PASS">
          <reporter-output>
          </reporter-output>
        </test-method> <!-- setupReport -->
        <test-method is-config="true" signature="Setup()[pri:0, instance:tests.LoginTest@7331196b]" started-at="2026-02-21T18:20:02 IST" name="Setup" finished-at="2026-02-21T18:20:10 IST" duration-ms="8587" status="PASS">
          <reporter-output>
          </reporter-output>
        </test-method> <!-- Setup -->
        <test-method signature="testLoginValid()[pri:0, instance:tests.LoginTest@7331196b]" started-at="2026-02-21T18:20:10 IST" name="testLoginValid" finished-at="2026-02-21T18:20:15 IST" duration-ms="4713" status="PASS">
          <reporter-output>
          </reporter-output>
        </test-method> <!-- testLoginValid -->
        <test-method is-config="true" signature="TearDown(org.testng.ITestResult)[pri:0, instance:tests.LoginTest@7331196b]" started-at="2026-02-21T18:20:15 IST" name="TearDown" finished-at="2026-02-21T18:20:16 IST" duration-ms="819" status="PASS">
          <params>
            <param index="0">
              <value>
                <![CDATA[[TestResult name=testLoginValid status=SUCCESS method=LoginTest.testLoginValid()[pri:0, instance:tests.LoginTest@7331196b] output={null}]]]>
              </value>
            </param>
          </params>
          <reporter-output>
          </reporter-output>
        </test-method> <!-- TearDown -->
        <test-method is-config="true" signature="Setup()[pri:0, instance:tests.LoginTest@7331196b]" started-at="2026-02-21T18:20:16 IST" name="Setup" finished-at="2026-02-21T18:20:23 IST" duration-ms="6908" status="PASS">
          <reporter-output>
          </reporter-output>
        </test-method> <!-- Setup -->
        <test-method signature="testResetPassword()[pri:0, instance:tests.LoginTest@7331196b]" started-at="2026-02-21T18:20:23 IST" name="testResetPassword" finished-at="2026-02-21T18:20:26 IST" duration-ms="3101" status="PASS">
          <reporter-output>
          </reporter-output>
        </test-method> <!-- testResetPassword -->
        <test-method is-config="true" signature="TearDown(org.testng.ITestResult)[pri:0, instance:tests.LoginTest@7331196b]" started-at="2026-02-21T18:20:26 IST" name="TearDown" finished-at="2026-02-21T18:20:26 IST" duration-ms="189" status="PASS">
          <params>
            <param index="0">
              <value>
                <![CDATA[[TestResult name=testResetPassword status=SUCCESS method=LoginTest.testResetPassword()[pri:0, instance:tests.LoginTest@7331196b] output={null}]]]>
              </value>
            </param>
          </params>
          <reporter-output>
          </reporter-output>
        </test-method> <!-- TearDown -->
        <test-method is-config="true" signature="tearDownReport()[pri:0, instance:tests.LoginTest@7331196b]" started-at="2026-02-21T18:20:26 IST" name="tearDownReport" finished-at="2026-02-21T18:20:26 IST" duration-ms="228" status="PASS">
          <reporter-output>
          </reporter-output>
        </test-method> <!-- tearDownReport -->
      </class> <!-- tests.LoginTest -->
    </test> <!-- Default test -->
  </suite> <!-- Default suite -->
</testng-results>
