<?xml version="1.0" encoding="UTF-8"?>
<testng-results ignored="0" total="2" passed="2" failed="0" skipped="0">
  <reporter-output>
  </reporter-output>
  <suite started-at="2025-11-12T22:31:05 IST" name="Default suite" finished-at="2025-11-12T22:31:30 IST" duration-ms="24905">
    <groups>
    </groups>
    <test started-at="2025-11-12T22:31:05 IST" name="Default test" finished-at="2025-11-12T22:31:30 IST" duration-ms="24905">
      <class name="tests.LoginTest">
        <test-method is-config="true" signature="setupReport()[pri:0, instance:tests.LoginTest@179ece50]" started-at="2025-11-12T22:31:05 IST" name="setupReport" finished-at="2025-11-12T22:31:05 IST" duration-ms="253" status="PASS">
          <reporter-output>
          </reporter-output>
        </test-method> <!-- setupReport -->
        <test-method is-config="true" signature="Setup()[pri:0, instance:tests.LoginTest@179ece50]" started-at="2025-11-12T22:31:05 IST" name="Setup" finished-at="2025-11-12T22:31:09 IST" duration-ms="4135" status="PASS">
          <reporter-output>
          </reporter-output>
        </test-method> <!-- Setup -->
        <test-method signature="testLoginValid()[pri:0, instance:tests.LoginTest@179ece50]" started-at="2025-11-12T22:31:09 IST" name="testLoginValid" finished-at="2025-11-12T22:31:19 IST" duration-ms="9134" status="PASS">
          <reporter-output>
          </reporter-output>
        </test-method> <!-- testLoginValid -->
        <test-method is-config="true" signature="TearDown(org.testng.ITestResult)[pri:0, instance:tests.LoginTest@179ece50]" started-at="2025-11-12T22:31:19 IST" name="TearDown" finished-at="2025-11-12T22:31:19 IST" duration-ms="658" status="PASS">
          <params>
            <param index="0">
              <value>
                <![CDATA[[TestResult name=testLoginValid status=SUCCESS method=LoginTest.testLoginValid()[pri:0, instance:tests.LoginTest@179ece50] output={null}]]]>
              </value>
            </param>
          </params>
          <reporter-output>
          </reporter-output>
        </test-method> <!-- TearDown -->
        <test-method is-config="true" signature="Setup()[pri:0, instance:tests.LoginTest@179ece50]" started-at="2025-11-12T22:31:19 IST" name="Setup" finished-at="2025-11-12T22:31:26 IST" duration-ms="7173" status="PASS">
          <reporter-output>
          </reporter-output>
        </test-method> <!-- Setup -->
        <test-method signature="testResetPassword()[pri:0, instance:tests.LoginTest@179ece50]" started-at="2025-11-12T22:31:26 IST" name="testResetPassword" finished-at="2025-11-12T22:31:30 IST" duration-ms="3096" status="PASS">
          <reporter-output>
          </reporter-output>
        </test-method> <!-- testResetPassword -->
        <test-method is-config="true" signature="TearDown(org.testng.ITestResult)[pri:0, instance:tests.LoginTest@179ece50]" started-at="2025-11-12T22:31:30 IST" name="TearDown" finished-at="2025-11-12T22:31:30 IST" duration-ms="425" status="PASS">
          <params>
            <param index="0">
              <value>
                <![CDATA[[TestResult name=testResetPassword status=SUCCESS method=LoginTest.testResetPassword()[pri:0, instance:tests.LoginTest@179ece50] output={null}]]]>
              </value>
            </param>
          </params>
          <reporter-output>
          </reporter-output>
        </test-method> <!-- TearDown -->
        <test-method is-config="true" signature="tearDownReport()[pri:0, instance:tests.LoginTest@179ece50]" started-at="2025-11-12T22:31:30 IST" name="tearDownReport" finished-at="2025-11-12T22:31:31 IST" duration-ms="486" status="PASS">
          <reporter-output>
          </reporter-output>
        </test-method> <!-- tearDownReport -->
      </class> <!-- tests.LoginTest -->
    </test> <!-- Default test -->
  </suite> <!-- Default suite -->
</testng-results>
