<?xml version="1.0" encoding="UTF-8"?>
<!-- Generated by org.testng.reporters.JUnitXMLReporter -->
<testsuite ignored="0" hostname="AMIT" failures="0" tests="2" name="LoginTests" time="0.053" errors="0" timestamp="2026-02-21T16:14:49 IST">
  <testcase classname="base.BaseTest" name="@BeforeSuite setupReport" time="0.01">
    <failure type="java.lang.Error" message="Unresolved compilation problem: 
	ExtentReportManager cannot be resolved
">
      <![CDATA[java.lang.Error: Unresolved compilation problem: 
ExtentReportManager cannot be resolved

at base.BaseTest.setupReport(BaseTest.java:28)
... Removed 17 stack frames]]>
    </failure>
  </testcase> <!-- @BeforeSuite setupReport -->
  <testcase classname="base.BaseTest" name="@BeforeMethod Setup" time="0.0">
    <skipped/>
  </testcase> <!-- @BeforeMethod Setup -->
  <testcase classname="base.BaseTest" name="@AfterMethod TearDown" time="0.0">
    <skipped/>
  </testcase> <!-- @AfterMethod TearDown -->
  <testcase classname="base.BaseTest" name="@BeforeMethod Setup" time="0.0">
    <skipped/>
  </testcase> <!-- @BeforeMethod Setup -->
  <testcase classname="base.BaseTest" name="@AfterMethod TearDown" time="0.0">
    <skipped/>
  </testcase> <!-- @AfterMethod TearDown -->
  <testcase classname="tests.LoginTest" name="testLoginValid" time="0.0">
    <skipped/>
  </testcase> <!-- testLoginValid -->
  <testcase classname="tests.LoginTest" name="testResetPassword" time="0.0">
    <skipped/>
  </testcase> <!-- testResetPassword -->
</testsuite> <!-- LoginTests -->
